2014/01/16 07:30:58 [error] [system.db.CDbCommand] CDbCommand::fetchAll() failed: SQLSTATE[42S02]: Base table or view not found: 1146 Table 'silver.greets' doesn't exist. The SQL statement executed was: SHOW FULL COLUMNS FROM `greets`.
in /var/www/html/silver/App/protected/views/greets/index.php (20)
in /var/www/html/silver/App/protected/controllers/GreetsController.php (128)
in /var/www/html/silver/App/index.php (13)
2014/01/16 07:30:58 [error] [exception.CDbException] exception 'CDbException' with message 'The table "greets" for active record class "Greets" cannot be found in the database.' in /var/www/html/silver/yii-1.1/framework/db/ar/CActiveRecord.php:2362
Stack trace:
#0 /var/www/html/silver/yii-1.1/framework/db/ar/CActiveRecord.php(411): CActiveRecordMetaData->__construct(Object(Greets))
#1 /var/www/html/silver/yii-1.1/framework/db/ar/CActiveRecord.php(658): CActiveRecord->getMetaData()
#2 /var/www/html/silver/yii-1.1/framework/db/ar/CActiveRecord.php(1601): CActiveRecord->getTableSchema()
#3 /var/www/html/silver/yii-1.1/framework/web/CActiveDataProvider.php(228): CActiveRecord->count(Object(CDbCriteria))
#4 /var/www/html/silver/yii-1.1/framework/web/CDataProvider.php(224): CActiveDataProvider->calculateTotalItemCount()
#5 /var/www/html/silver/yii-1.1/framework/web/CActiveDataProvider.php(178): CDataProvider->getTotalItemCount()
#6 /var/www/html/silver/yii-1.1/framework/web/CDataProvider.php(168): CActiveDataProvider->fetchData()
#7 /var/www/html/silver/yii-1.1/framework/zii/widgets/CBaseListView.php(111): CDataProvider->getData()
#8 /var/www/html/silver/yii-1.1/framework/zii/widgets/CListView.php(211): CBaseListView->init()
#9 /var/www/html/silver/yii-1.1/framework/web/CBaseController.php(147): CListView->init()
#10 /var/www/html/silver/yii-1.1/framework/web/CBaseController.php(172): CBaseController->createWidget('zii.widgets.CLi...', Array)
#11 /var/www/html/silver/App/protected/views/greets/index.php(20): CBaseController->widget('zii.widgets.CLi...', Array)
#12 /var/www/html/silver/yii-1.1/framework/web/CBaseController.php(126): require('/var/www/html/s...')
#13 /var/www/html/silver/yii-1.1/framework/web/CBaseController.php(95): CBaseController->renderInternal('/var/www/html/s...', Array, true)
#14 /var/www/html/silver/yii-1.1/framework/web/CController.php(869): CBaseController->renderFile('/var/www/html/s...', Array, true)
#15 /var/www/html/silver/yii-1.1/framework/web/CController.php(782): CController->renderPartial('index', Array, true)
#16 /var/www/html/silver/App/protected/controllers/GreetsController.php(128): CController->render('index', Array)
#17 /var/www/html/silver/yii-1.1/framework/web/actions/CInlineAction.php(49): GreetsController->actionIndex()
#18 /var/www/html/silver/yii-1.1/framework/web/CController.php(308): CInlineAction->runWithParams(Array)
#19 /var/www/html/silver/yii-1.1/framework/web/filters/CFilterChain.php(133): CController->runAction(Object(CInlineAction))
#20 /var/www/html/silver/yii-1.1/framework/web/filters/CFilter.php(40): CFilterChain->run()
#21 /var/www/html/silver/yii-1.1/framework/web/CController.php(1145): CFilter->filter(Object(CFilterChain))
#22 /var/www/html/silver/yii-1.1/framework/web/filters/CInlineFilter.php(58): CController->filterAccessControl(Object(CFilterChain))
#23 /var/www/html/silver/yii-1.1/framework/web/filters/CFilterChain.php(130): CInlineFilter->filter(Object(CFilterChain))
#24 /var/www/html/silver/yii-1.1/framework/web/CController.php(291): CFilterChain->run()
#25 /var/www/html/silver/yii-1.1/framework/web/CController.php(265): CController->runActionWithFilters(Object(CInlineAction), Array)
#26 /var/www/html/silver/yii-1.1/framework/web/CWebApplication.php(282): CController->run('')
#27 /var/www/html/silver/yii-1.1/framework/web/CWebApplication.php(141): CWebApplication->runController('greets')
#28 /var/www/html/silver/yii-1.1/framework/base/CApplication.php(180): CWebApplication->processRequest()
#29 /var/www/html/silver/App/index.php(13): CApplication->run()
#30 {main}
REQUEST_URI=/html/silver/App/index.php?r=greets
---
2014/01/16 07:31:43 [error] [php] file_put_contents(/var/www/html/silver/App/protected/runtime/gii-1.1.14/CrudCode.php): failed to open stream: Permission denied (/var/www/html/silver/yii-1.1/framework/gii/CCodeModel.php:388)
Stack trace:
#0 /var/www/html/silver/yii-1.1/framework/gii/CCodeGenerator.php(63): CrudGenerator->prepare()
#1 /var/www/html/silver/yii-1.1/framework/web/actions/CInlineAction.php(49): CrudGenerator->actionIndex()
#2 /var/www/html/silver/yii-1.1/framework/web/CController.php(308): CInlineAction->runWithParams()
#3 /var/www/html/silver/yii-1.1/framework/web/CController.php(286): CrudGenerator->runAction()
#4 /var/www/html/silver/yii-1.1/framework/web/CController.php(265): CrudGenerator->runActionWithFilters()
#5 /var/www/html/silver/yii-1.1/framework/web/CWebApplication.php(282): CrudGenerator->run()
#6 /var/www/html/silver/yii-1.1/framework/web/CWebApplication.php(141): CWebApplication->runController()
#7 /var/www/html/silver/yii-1.1/framework/base/CApplication.php(180): CWebApplication->processRequest()
#8 /var/www/html/silver/App/index.php(13): CWebApplication->run()
REQUEST_URI=/html/silver/App/index.php?r=gii/crud/index
in /var/www/html/silver/App/index.php (13)
2014/01/16 07:32:01 [error] [php] file_put_contents(/var/www/html/silver/App/protected/runtime/gii-1.1.14/CrudCode.php): failed to open stream: Permission denied (/var/www/html/silver/yii-1.1/framework/gii/CCodeModel.php:388)
Stack trace:
#0 /var/www/html/silver/yii-1.1/framework/gii/CCodeGenerator.php(63): CrudGenerator->prepare()
#1 /var/www/html/silver/yii-1.1/framework/web/actions/CInlineAction.php(49): CrudGenerator->actionIndex()
#2 /var/www/html/silver/yii-1.1/framework/web/CController.php(308): CInlineAction->runWithParams()
#3 /var/www/html/silver/yii-1.1/framework/web/CController.php(286): CrudGenerator->runAction()
#4 /var/www/html/silver/yii-1.1/framework/web/CController.php(265): CrudGenerator->runActionWithFilters()
#5 /var/www/html/silver/yii-1.1/framework/web/CWebApplication.php(282): CrudGenerator->run()
#6 /var/www/html/silver/yii-1.1/framework/web/CWebApplication.php(141): CWebApplication->runController()
#7 /var/www/html/silver/yii-1.1/framework/base/CApplication.php(180): CWebApplication->processRequest()
#8 /var/www/html/silver/App/index.php(13): CWebApplication->run()
REQUEST_URI=/html/silver/App/index.php?r=gii/crud/index
in /var/www/html/silver/App/index.php (13)
